<?xml version="1.0" encoding="UTF-8"?>
<testng-results ignored="0" total="3" passed="3" failed="0" skipped="0">
  <reporter-output>
  </reporter-output>
  <suite started-at="2023-05-19T20:58:36 IST" name="Default suite" finished-at="2023-05-19T20:59:12 IST" duration-ms="36096">
    <groups>
      <group name="cucumber">
        <method signature="AbstractTestNGCucumberTests.runScenario(io.cucumber.testng.PickleWrapper,io.cucumber.testng.FeatureWrapper)[pri:0, instance:qa.runners.MyTestNGRunnerTest@1530c739]" name="runScenario" class="io.cucumber.testng.AbstractTestNGCucumberTests"/>
      </group> <!-- cucumber -->
    </groups>
    <test started-at="2023-05-19T20:58:36 IST" name="Default test" finished-at="2023-05-19T20:59:12 IST" duration-ms="36096">
      <class name="qa.runners.MyTestNGRunnerTest">
        <test-method is-config="true" signature="setUpClass(org.testng.ITestContext)[pri:0, instance:qa.runners.MyTestNGRunnerTest@1530c739]" started-at="2023-05-19T20:58:36 IST" name="setUpClass" finished-at="2023-05-19T20:58:36 IST" duration-ms="286" status="PASS">
          <params>
            <param index="0">
              <value>
                <![CDATA[org.testng.TestRunner@58ff8d79]]>
              </value>
            </param>
          </params>
          <reporter-output>
          </reporter-output>
        </test-method> <!-- setUpClass -->
        <test-method signature="runScenario(io.cucumber.testng.PickleWrapper,io.cucumber.testng.FeatureWrapper)[pri:0, instance:qa.runners.MyTestNGRunnerTest@1530c739]" started-at="2023-05-19T20:58:36 IST" name="runScenario" description="Runs Cucumber Scenarios" data-provider="scenarios" finished-at="2023-05-19T20:59:05 IST" duration-ms="29274" status="PASS">
          <params>
            <param index="0">
              <value>
                <![CDATA["Verify navigation to Internation payments page"]]>
              </value>
            </param>
            <param index="1">
              <value>
                <![CDATA["Optional[Corp suite portal - International payments]"]]>
              </value>
            </param>
          </params>
          <reporter-output>
          </reporter-output>
        </test-method> <!-- runScenario -->
        <test-method signature="runScenario(io.cucumber.testng.PickleWrapper,io.cucumber.testng.FeatureWrapper)[pri:0, instance:qa.runners.MyTestNGRunnerTest@1530c739]" started-at="2023-05-19T20:58:36 IST" name="runScenario" description="Runs Cucumber Scenarios" data-provider="scenarios" finished-at="2023-05-19T20:59:11 IST" duration-ms="35210" status="PASS">
          <params>
            <param index="0">
              <value>
                <![CDATA["Verify navigation to Payments page"]]>
              </value>
            </param>
            <param index="1">
              <value>
                <![CDATA["Optional[Corp suite portal - Same currency payments]"]]>
              </value>
            </param>
          </params>
          <reporter-output>
          </reporter-output>
        </test-method> <!-- runScenario -->
        <test-method signature="runScenario(io.cucumber.testng.PickleWrapper,io.cucumber.testng.FeatureWrapper)[pri:0, instance:qa.runners.MyTestNGRunnerTest@1530c739]" started-at="2023-05-19T20:58:36 IST" name="runScenario" description="Runs Cucumber Scenarios" data-provider="scenarios" finished-at="2023-05-19T20:59:09 IST" duration-ms="32560" status="PASS">
          <params>
            <param index="0">
              <value>
                <![CDATA["Verify navigation to Exchange page"]]>
              </value>
            </param>
            <param index="1">
              <value>
                <![CDATA["Optional[Corp suite portal - Exchange]"]]>
              </value>
            </param>
          </params>
          <reporter-output>
          </reporter-output>
        </test-method> <!-- runScenario -->
        <test-method is-config="true" signature="tearDownClass()[pri:0, instance:qa.runners.MyTestNGRunnerTest@1530c739]" started-at="2023-05-19T20:59:11 IST" name="tearDownClass" finished-at="2023-05-19T20:59:12 IST" duration-ms="583" status="PASS">
          <reporter-output>
          </reporter-output>
        </test-method> <!-- tearDownClass -->
      </class> <!-- qa.runners.MyTestNGRunnerTest -->
    </test> <!-- Default test -->
  </suite> <!-- Default suite -->
</testng-results>
